[debug] [2022-01-17T01:52:48.303Z] ----------------------------------------------------------------------
[debug] [2022-01-17T01:52:48.305Z] Command:       /usr/local/bin/node /usr/local/bin/firebase deploy
[debug] [2022-01-17T01:52:48.305Z] CLI Version:   10.1.0
[debug] [2022-01-17T01:52:48.305Z] Platform:      darwin
[debug] [2022-01-17T01:52:48.305Z] Node Version:  v16.1.0
[debug] [2022-01-17T01:52:48.306Z] Time:          Sun Jan 16 2022 20:52:48 GMT-0500 (Eastern Standard Time)
[debug] [2022-01-17T01:52:48.306Z] ----------------------------------------------------------------------
[debug] 
[debug] [2022-01-17T01:52:48.345Z] > command requires scopes: ["email","openid","https://www.googleapis.com/auth/cloudplatformprojects.readonly","https://www.googleapis.com/auth/firebase","https://www.googleapis.com/auth/cloud-platform"]
[debug] [2022-01-17T01:52:48.345Z] > authorizing via signed-in user (mikeallison79@gmail.com)
[debug] [2022-01-17T01:52:48.346Z] [iam] checking project craft-beer-ninja for permissions ["firebase.projects.get","firebasehosting.sites.update"]
[debug] [2022-01-17T01:52:48.348Z] > refreshing access token with scopes: ["email","https://www.googleapis.com/auth/cloud-platform","https://www.googleapis.com/auth/cloudplatformprojects.readonly","https://www.googleapis.com/auth/firebase","openid"]
[debug] [2022-01-17T01:52:48.348Z] >>> HTTP REQUEST POST https://www.googleapis.com/oauth2/v3/token  
 <request body omitted>
[debug] [2022-01-17T01:52:48.500Z] <<< HTTP RESPONSE 200 {"cache-control":"no-cache, no-store, max-age=0, must-revalidate","date":"Mon, 17 Jan 2022 01:52:48 GMT","expires":"Mon, 01 Jan 1990 00:00:00 GMT","pragma":"no-cache","content-type":"application/json; charset=utf-8","vary":"X-Origin, Referer, Origin,Accept-Encoding","server":"scaffolding on HTTPServer2","x-xss-protection":"0","x-frame-options":"SAMEORIGIN","x-content-type-options":"nosniff","alt-svc":"h3=\":443\"; ma=2592000,h3-29=\":443\"; ma=2592000,h3-Q050=\":443\"; ma=2592000,h3-Q046=\":443\"; ma=2592000,h3-Q043=\":443\"; ma=2592000,quic=\":443\"; ma=2592000; v=\"46,43\"","accept-ranges":"none","transfer-encoding":"chunked"}
[debug] [2022-01-17T01:52:48.566Z] >>> HTTP REQUEST POST https://cloudresourcemanager.googleapis.com/v1/projects/craft-beer-ninja:testIamPermissions  
 {"permissions":["firebase.projects.get","firebasehosting.sites.update"]}
[debug] [2022-01-17T01:52:48.794Z] <<< HTTP RESPONSE 200 {"content-type":"application/json; charset=UTF-8","vary":"X-Origin, Referer, Origin,Accept-Encoding","date":"Mon, 17 Jan 2022 01:52:48 GMT","server":"ESF","cache-control":"private","x-xss-protection":"0","x-frame-options":"SAMEORIGIN","x-content-type-options":"nosniff","server-timing":"gfet4t7; dur=123","alt-svc":"h3=\":443\"; ma=2592000,h3-29=\":443\"; ma=2592000,h3-Q050=\":443\"; ma=2592000,h3-Q046=\":443\"; ma=2592000,h3-Q043=\":443\"; ma=2592000,quic=\":443\"; ma=2592000; v=\"46,43\"","accept-ranges":"none","transfer-encoding":"chunked"}
[debug] [2022-01-17T01:52:48.798Z] > refreshing access token with scopes: []
[debug] [2022-01-17T01:52:48.798Z] >>> HTTP REQUEST POST https://www.googleapis.com/oauth2/v3/token  
 <request body omitted>
[debug] [2022-01-17T01:52:48.907Z] <<< HTTP RESPONSE 200 {"expires":"Mon, 01 Jan 1990 00:00:00 GMT","cache-control":"no-cache, no-store, max-age=0, must-revalidate","date":"Mon, 17 Jan 2022 01:52:48 GMT","pragma":"no-cache","content-type":"application/json; charset=utf-8","vary":"X-Origin, Referer, Origin,Accept-Encoding","server":"scaffolding on HTTPServer2","x-xss-protection":"0","x-frame-options":"SAMEORIGIN","x-content-type-options":"nosniff","alt-svc":"h3=\":443\"; ma=2592000,h3-29=\":443\"; ma=2592000,h3-Q050=\":443\"; ma=2592000,h3-Q046=\":443\"; ma=2592000,h3-Q043=\":443\"; ma=2592000,quic=\":443\"; ma=2592000; v=\"46,43\"","accept-ranges":"none","transfer-encoding":"chunked"}
[debug] [2022-01-17T01:52:48.980Z] >>> [apiv2][query] GET https://firebase.googleapis.com/v1beta1/projects/craft-beer-ninja [none]
[debug] [2022-01-17T01:52:49.286Z] <<< [apiv2][status] GET https://firebase.googleapis.com/v1beta1/projects/craft-beer-ninja 200
[debug] [2022-01-17T01:52:49.287Z] <<< [apiv2][body] GET https://firebase.googleapis.com/v1beta1/projects/craft-beer-ninja {"projectId":"craft-beer-ninja","projectNumber":"481612370182","displayName":"craft-beer-ninja","name":"projects/craft-beer-ninja","resources":{"hostingSite":"craft-beer-ninja","storageBucket":"craft-beer-ninja.appspot.com","locationId":"us-east4"},"state":"ACTIVE"}
[info] 
[info] === Deploying to 'craft-beer-ninja'...
[info] 
[info] i  deploying hosting 
[debug] [2022-01-17T01:52:49.289Z] > refreshing access token with scopes: ["email","https://www.googleapis.com/auth/cloud-platform","https://www.googleapis.com/auth/cloudplatformprojects.readonly","https://www.googleapis.com/auth/firebase","openid"]
[debug] [2022-01-17T01:52:49.289Z] >>> HTTP REQUEST POST https://www.googleapis.com/oauth2/v3/token  
 <request body omitted>
[debug] [2022-01-17T01:52:49.410Z] <<< HTTP RESPONSE 200 {"expires":"Mon, 01 Jan 1990 00:00:00 GMT","date":"Mon, 17 Jan 2022 01:52:49 GMT","pragma":"no-cache","cache-control":"no-cache, no-store, max-age=0, must-revalidate","content-type":"application/json; charset=utf-8","vary":"X-Origin, Referer, Origin,Accept-Encoding","server":"scaffolding on HTTPServer2","x-xss-protection":"0","x-frame-options":"SAMEORIGIN","x-content-type-options":"nosniff","alt-svc":"h3=\":443\"; ma=2592000,h3-29=\":443\"; ma=2592000,h3-Q050=\":443\"; ma=2592000,h3-Q046=\":443\"; ma=2592000,h3-Q043=\":443\"; ma=2592000,quic=\":443\"; ma=2592000; v=\"46,43\"","accept-ranges":"none","transfer-encoding":"chunked"}
[debug] [2022-01-17T01:52:49.464Z] >>> HTTP REQUEST POST https://firebasehosting.googleapis.com/v1beta1/sites/craft-beer-ninja/versions  
 {"config":{"rewrites":[{"glob":"**","path":"/index.html"}]},"labels":{"deployment-tool":"cli-firebase"}}
[debug] [2022-01-17T01:52:50.185Z] <<< HTTP RESPONSE 200 {"content-type":"application/json; charset=UTF-8","vary":"X-Origin, Referer, Origin,Accept-Encoding","date":"Mon, 17 Jan 2022 01:52:50 GMT","server":"ESF","cache-control":"private","x-xss-protection":"0","x-frame-options":"SAMEORIGIN","x-content-type-options":"nosniff","alt-svc":"h3=\":443\"; ma=2592000,h3-29=\":443\"; ma=2592000,h3-Q050=\":443\"; ma=2592000,h3-Q046=\":443\"; ma=2592000,h3-Q043=\":443\"; ma=2592000,quic=\":443\"; ma=2592000; v=\"46,43\"","accept-ranges":"none","transfer-encoding":"chunked"}
[info] i  hosting[craft-beer-ninja]: beginning deploy... 
[info] i  hosting[craft-beer-ninja]: found 16 files in dist 
[debug] [2022-01-17T01:52:50.338Z] > refreshing access token with scopes: []
[debug] [2022-01-17T01:52:50.338Z] >>> HTTP REQUEST POST https://www.googleapis.com/oauth2/v3/token  
 <request body omitted>
[debug] [2022-01-17T01:52:50.339Z] [hosting] hash cache [ZGlzdA] stored for 16 files
[debug] [2022-01-17T01:52:50.339Z] [hosting][hash queue][FINAL] {"max":136,"min":8,"avg":17.25,"active":0,"complete":16,"success":16,"errored":0,"retried":0,"total":16,"elapsed":141}
[debug] [2022-01-17T01:52:50.436Z] <<< HTTP RESPONSE 200 {"cache-control":"no-cache, no-store, max-age=0, must-revalidate","expires":"Mon, 01 Jan 1990 00:00:00 GMT","pragma":"no-cache","date":"Mon, 17 Jan 2022 01:52:50 GMT","content-type":"application/json; charset=utf-8","vary":"X-Origin, Referer, Origin,Accept-Encoding","server":"scaffolding on HTTPServer2","x-xss-protection":"0","x-frame-options":"SAMEORIGIN","x-content-type-options":"nosniff","alt-svc":"h3=\":443\"; ma=2592000,h3-29=\":443\"; ma=2592000,h3-Q050=\":443\"; ma=2592000,h3-Q046=\":443\"; ma=2592000,h3-Q043=\":443\"; ma=2592000,quic=\":443\"; ma=2592000; v=\"46,43\"","accept-ranges":"none","transfer-encoding":"chunked"}
[debug] [2022-01-17T01:52:50.496Z] >>> [apiv2][query] POST https://firebasehosting.googleapis.com/v1beta1/sites/craft-beer-ninja/versions/3729bb52cbc95a41:populateFiles [none]
[debug] [2022-01-17T01:52:50.496Z] >>> [apiv2][body] POST https://firebasehosting.googleapis.com/v1beta1/sites/craft-beer-ninja/versions/3729bb52cbc95a41:populateFiles {"files":{"/beer-hefe.svg":"760fc0c953b9e8ed06577272fb8565cb8ceac1cea8a63a235b999be3dd2e2240","/beer-nonic.svg":"a7727513ef04487e9a1c519ce1f2a3e45f557371c6e6c135d4c22b2f891d825a","/favicon.png":"fe0f96e751fb535be13ef4ece87798159532d3441e7aea1ba43bb903dc56dae2","/compass.svg":"d29a81f0b73ee86add41ce8c551bfe2ac7620aaa7cdf9cf0b62612c2849d3719","/index.html":"5e76fbf49bd843de69b91d72296bc76e6a3410b725e243d090a19a3e940f0775","/geolocation.svg":"1520245302fd7c405534d87fa8faa959739c11ffee2f8fa293c114598d2d9afe","/css/index.4a015afa.css":"0d11d2aa95a5bf3b4b2a3e7d322d0b2e1b723fb0e82fe0253697804dd9438a52","/ninja.svg":"a100d964b93e043301b8a6aa4291b311993b4220ddcb28630c1f7b85b44be5ec","/img/beer-hefe.87c99dc9.svg":"760fc0c953b9e8ed06577272fb8565cb8ceac1cea8a63a235b999be3dd2e2240","/img/compass.e9856719.svg":"d29a81f0b73ee86add41ce8c551bfe2ac7620aaa7cdf9cf0b62612c2849d3719","/img/geolocation.4c353bd6.svg":"1520245302fd7c405534d87fa8faa959739c11ffee2f8fa293c114598d2d9afe","/img/ninja.0ac0c625.svg":"a100d964b93e043301b8a6aa4291b311993b4220ddcb28630c1f7b85b44be5ec","/js/index.f68e5c1a.js":"2cb23658900141ddfc9416b4a4bee67634878ceef7f0f655511e1f7b11123ef0","/js/index.f68e5c1a.js.map":"2be5ab3d43a71485614f89f1d16cdec6080951e6c83edbb84af5b4d85451c7dd","/js/chunk-vendors.5955b400.js":"aa67cabd3a7ab6b3d53aef3f6ae512ddb8b70d7b39df226f643d60879bdcdd0a","/js/chunk-vendors.5955b400.js.map":"0259c2e80853c64ab56e95727799fd6a4a8fe6f98ec15ac376add25d140c4df6"}}
[debug] [2022-01-17T01:52:51.012Z] <<< [apiv2][status] POST https://firebasehosting.googleapis.com/v1beta1/sites/craft-beer-ninja/versions/3729bb52cbc95a41:populateFiles 200
[debug] [2022-01-17T01:52:51.013Z] <<< [apiv2][body] POST https://firebasehosting.googleapis.com/v1beta1/sites/craft-beer-ninja/versions/3729bb52cbc95a41:populateFiles {"uploadRequiredHashes":["5e76fbf49bd843de69b91d72296bc76e6a3410b725e243d090a19a3e940f0775","2cb23658900141ddfc9416b4a4bee67634878ceef7f0f655511e1f7b11123ef0","0d11d2aa95a5bf3b4b2a3e7d322d0b2e1b723fb0e82fe0253697804dd9438a52","2be5ab3d43a71485614f89f1d16cdec6080951e6c83edbb84af5b4d85451c7dd"],"uploadUrl":"https://upload-firebasehosting.googleapis.com/upload/sites/craft-beer-ninja/versions/3729bb52cbc95a41/files"}
[debug] [2022-01-17T01:52:51.015Z] >>> [apiv2][query] POST https://upload-firebasehosting.googleapis.com/upload/sites/craft-beer-ninja/versions/3729bb52cbc95a41/files/5e76fbf49bd843de69b91d72296bc76e6a3410b725e243d090a19a3e940f0775 [none]
[debug] [2022-01-17T01:52:51.016Z] >>> [apiv2][body] POST https://upload-firebasehosting.googleapis.com/upload/sites/craft-beer-ninja/versions/3729bb52cbc95a41/files/5e76fbf49bd843de69b91d72296bc76e6a3410b725e243d090a19a3e940f0775 [stream]
[debug] [2022-01-17T01:52:51.017Z] >>> [apiv2][query] POST https://upload-firebasehosting.googleapis.com/upload/sites/craft-beer-ninja/versions/3729bb52cbc95a41/files/2cb23658900141ddfc9416b4a4bee67634878ceef7f0f655511e1f7b11123ef0 [none]
[debug] [2022-01-17T01:52:51.018Z] >>> [apiv2][body] POST https://upload-firebasehosting.googleapis.com/upload/sites/craft-beer-ninja/versions/3729bb52cbc95a41/files/2cb23658900141ddfc9416b4a4bee67634878ceef7f0f655511e1f7b11123ef0 [stream]
[debug] [2022-01-17T01:52:51.019Z] >>> [apiv2][query] POST https://upload-firebasehosting.googleapis.com/upload/sites/craft-beer-ninja/versions/3729bb52cbc95a41/files/0d11d2aa95a5bf3b4b2a3e7d322d0b2e1b723fb0e82fe0253697804dd9438a52 [none]
[debug] [2022-01-17T01:52:51.019Z] >>> [apiv2][body] POST https://upload-firebasehosting.googleapis.com/upload/sites/craft-beer-ninja/versions/3729bb52cbc95a41/files/0d11d2aa95a5bf3b4b2a3e7d322d0b2e1b723fb0e82fe0253697804dd9438a52 [stream]
[debug] [2022-01-17T01:52:51.020Z] >>> [apiv2][query] POST https://upload-firebasehosting.googleapis.com/upload/sites/craft-beer-ninja/versions/3729bb52cbc95a41/files/2be5ab3d43a71485614f89f1d16cdec6080951e6c83edbb84af5b4d85451c7dd [none]
[debug] [2022-01-17T01:52:51.020Z] >>> [apiv2][body] POST https://upload-firebasehosting.googleapis.com/upload/sites/craft-beer-ninja/versions/3729bb52cbc95a41/files/2be5ab3d43a71485614f89f1d16cdec6080951e6c83edbb84af5b4d85451c7dd [stream]
[debug] [2022-01-17T01:52:51.021Z] [hosting][populate queue][FINAL] {"max":677,"min":677,"avg":677,"active":0,"complete":1,"success":1,"errored":0,"retried":0,"total":1,"elapsed":683}
[debug] [2022-01-17T01:52:51.022Z] [hosting] uploads queued: 4
